c:\users\mathi\desktop\cpp\othello\othello\x64\debug\vc141.pdb
c:\users\mathi\desktop\cpp\othello\othello\x64\debug\vc141.idb
c:\users\mathi\desktop\cpp\othello\othello\x64\debug\banqueimage.obj
c:\users\mathi\desktop\cpp\othello\othello\x64\debug\objetgraphique.obj
c:\users\mathi\desktop\cpp\othello\othello\x64\debug\interface.obj
c:\users\mathi\desktop\cpp\othello\othello\x64\debug\othellomain.obj
c:\users\mathi\desktop\cpp\othello\othello\x64\debug\bouton.obj
c:\users\mathi\desktop\cpp\othello\othello\x64\debug\damier.obj
c:\users\mathi\desktop\cpp\othello\othello\x64\debug\ia_mtdf.obj
c:\users\mathi\desktop\cpp\othello\othello\x64\debug\ia_ab.obj
c:\users\mathi\desktop\cpp\othello\othello\x64\debug\ia_abtt.obj
c:\users\mathi\desktop\cpp\othello\othello\x64\debug\ia_main.obj
c:\users\mathi\desktop\cpp\othello\othello\x64\debug\iterativedeepening.obj
c:\users\mathi\desktop\cpp\othello\othello\x64\debug\menuprincipal.obj
c:\users\mathi\desktop\cpp\othello\othello\x64\debug\othello.obj
c:\users\mathi\desktop\cpp\othello\othello\x64\debug\partie.obj
c:\users\mathi\desktop\cpp\othello\othello\x64\debug\plateau.obj
c:\users\mathi\desktop\cpp\othello\othello\x64\debug\transpositiontable.obj
c:\users\mathi\desktop\cpp\othello\x64\debug\othelloproject.exe
c:\users\mathi\desktop\cpp\othello\x64\debug\othelloproject.ilk
c:\users\mathi\desktop\cpp\othello\x64\debug\othelloproject.pdb
c:\users\mathi\desktop\cpp\othello\x64\debug\othelloproject.lib
c:\users\mathi\desktop\cpp\othello\x64\debug\othelloproject.exp
c:\users\mathi\desktop\cpp\othello\othello\x64\debug\othelloproject.tlog\cl.command.1.tlog
c:\users\mathi\desktop\cpp\othello\othello\x64\debug\othelloproject.tlog\cl.read.1.tlog
c:\users\mathi\desktop\cpp\othello\othello\x64\debug\othelloproject.tlog\cl.write.1.tlog
c:\users\mathi\desktop\cpp\othello\othello\x64\debug\othelloproject.tlog\link.command.1.tlog
c:\users\mathi\desktop\cpp\othello\othello\x64\debug\othelloproject.tlog\link.read.1.tlog
c:\users\mathi\desktop\cpp\othello\othello\x64\debug\othelloproject.tlog\link.write.1.tlog
c:\users\mathi\desktop\cpp\othello\othello\x64\debug\othelloproject.tlog\othelloproject.write.1u.tlog
