c:\users\mathi\desktop\cpp\othello\othello\debug\vc141.pdb
c:\users\mathi\desktop\cpp\othello\othello\debug\vc141.idb
c:\users\mathi\desktop\cpp\othello\othello\debug\damier.obj
c:\users\mathi\desktop\cpp\othello\othello\debug\othellomain.obj
c:\users\mathi\desktop\cpp\othello\othello\debug\transpositiontable.obj
c:\users\mathi\desktop\cpp\othello\othello\debug\interface.obj
c:\users\mathi\desktop\cpp\othello\othello\debug\ia_mtdf.obj
c:\users\mathi\desktop\cpp\othello\othello\debug\ia_abtt.obj
c:\users\mathi\desktop\cpp\othello\othello\debug\iterativedeepening.obj
c:\users\mathi\desktop\cpp\othello\othello\debug\othello.obj
c:\users\mathi\desktop\cpp\othello\othello\debug\ia_ab.obj
c:\users\mathi\desktop\cpp\othello\othello\debug\ia_main.obj
c:\users\mathi\desktop\cpp\othello\othello\debug\partie.obj
c:\users\mathi\desktop\cpp\othello\othello\debug\testia.obj
c:\users\mathi\desktop\cpp\othello\debug\othelloproject.pdb
c:\users\mathi\desktop\cpp\othello\othello\debug\othelloproject.tlog\cl.command.1.tlog
c:\users\mathi\desktop\cpp\othello\othello\debug\othelloproject.tlog\cl.read.1.tlog
c:\users\mathi\desktop\cpp\othello\othello\debug\othelloproject.tlog\cl.write.1.tlog
c:\users\mathi\desktop\cpp\othello\othello\debug\othelloproject.tlog\link.8952-cvtres.read.1.tlog
c:\users\mathi\desktop\cpp\othello\othello\debug\othelloproject.tlog\link.8952-cvtres.write.1.tlog
c:\users\mathi\desktop\cpp\othello\othello\debug\othelloproject.tlog\link.8952-rc.read.1.tlog
c:\users\mathi\desktop\cpp\othello\othello\debug\othelloproject.tlog\link.8952-rc.write.1.tlog
c:\users\mathi\desktop\cpp\othello\othello\debug\othelloproject.tlog\link.8952.read.1.tlog
c:\users\mathi\desktop\cpp\othello\othello\debug\othelloproject.tlog\link.8952.write.1.tlog
c:\users\mathi\desktop\cpp\othello\othello\debug\othelloproject.tlog\link.command.1.tlog
c:\users\mathi\desktop\cpp\othello\othello\debug\othelloproject.tlog\link.read.1.tlog
c:\users\mathi\desktop\cpp\othello\othello\debug\othelloproject.tlog\link.write.1.tlog
